mode: set
github.com/k-jun/northpole/storage/room_storage.go:23.35,27.2 1 0
github.com/k-jun/northpole/storage/room_storage.go:29.65,33.24 3 1
github.com/k-jun/northpole/storage/room_storage.go:36.2,37.14 2 1
github.com/k-jun/northpole/storage/room_storage.go:41.2,41.15 1 1
github.com/k-jun/northpole/storage/room_storage.go:33.24,35.3 1 0
github.com/k-jun/northpole/storage/room_storage.go:37.14,39.3 1 1
github.com/k-jun/northpole/storage/room_storage.go:44.59,48.29 3 1
github.com/k-jun/northpole/storage/room_storage.go:53.2,53.37 1 1
github.com/k-jun/northpole/storage/room_storage.go:48.29,49.17 1 1
github.com/k-jun/northpole/storage/room_storage.go:49.17,51.4 1 1
github.com/k-jun/northpole/storage/room_storage.go:56.51,60.29 3 1
github.com/k-jun/northpole/storage/room_storage.go:63.2,65.12 2 1
github.com/k-jun/northpole/storage/room_storage.go:60.29,62.3 1 1
github.com/k-jun/northpole/storage/room_storage.go:68.54,72.29 3 1
github.com/k-jun/northpole/storage/room_storage.go:75.2,77.12 2 1
github.com/k-jun/northpole/storage/room_storage.go:72.29,74.3 1 1
github.com/k-jun/northpole/storage/room_storage_mock.go:12.64,14.2 1 0
github.com/k-jun/northpole/storage/room_storage_mock.go:16.58,18.2 1 0
github.com/k-jun/northpole/storage/room_storage_mock.go:20.50,22.2 1 0
github.com/k-jun/northpole/storage/room_storage_mock.go:24.53,26.2 1 0
github.com/k-jun/northpole/room/room.go:41.39,48.2 1 1
github.com/k-jun/northpole/room/room.go:50.35,52.2 1 1
github.com/k-jun/northpole/room/room.go:54.34,56.2 1 0
github.com/k-jun/northpole/room/room.go:58.47,60.2 1 0
github.com/k-jun/northpole/room/room.go:62.43,64.2 1 0
github.com/k-jun/northpole/room/room.go:66.66,70.22 3 1
github.com/k-jun/northpole/room/room.go:74.2,76.40 3 1
github.com/k-jun/northpole/room/room.go:80.2,81.21 2 1
github.com/k-jun/northpole/room/room.go:70.22,72.3 1 1
github.com/k-jun/northpole/room/room.go:76.40,78.3 1 1
github.com/k-jun/northpole/room/room.go:84.55,88.22 3 1
github.com/k-jun/northpole/room/room.go:92.2,93.29 2 1
github.com/k-jun/northpole/room/room.go:101.2,101.12 1 1
github.com/k-jun/northpole/room/room.go:105.2,105.23 1 1
github.com/k-jun/northpole/room/room.go:111.2,111.12 1 1
github.com/k-jun/northpole/room/room.go:88.22,90.3 1 1
github.com/k-jun/northpole/room/room.go:93.29,94.32 1 1
github.com/k-jun/northpole/room/room.go:94.32,98.9 4 1
github.com/k-jun/northpole/room/room.go:101.12,103.3 1 1
github.com/k-jun/northpole/room/room.go:105.23,107.3 1 1
github.com/k-jun/northpole/room/room.go:107.8,109.3 1 1
github.com/k-jun/northpole/room/room.go:114.45,116.36 1 1
github.com/k-jun/northpole/room/room.go:116.36,118.3 1 1
github.com/k-jun/northpole/room/room_mock.go:20.33,22.2 1 0
github.com/k-jun/northpole/room/room_mock.go:23.46,25.2 1 0
github.com/k-jun/northpole/room/room_mock.go:26.42,28.2 1 0
github.com/k-jun/northpole/room/room_mock.go:30.60,32.2 1 0
github.com/k-jun/northpole/room/room_mock.go:34.48,36.2 1 0
github.com/k-jun/northpole/room/room_mock.go:38.34,40.2 1 0
github.com/k-jun/northpole/lib.go:20.18,23.2 2 0
github.com/k-jun/northpole/lib.go:25.83,26.46 1 1
github.com/k-jun/northpole/lib.go:29.2,29.22 1 1
github.com/k-jun/northpole/lib.go:26.46,28.3 1 1
github.com/k-jun/northpole/lib.go:32.81,34.16 2 1
github.com/k-jun/northpole/lib.go:37.2,37.22 1 1
github.com/k-jun/northpole/lib.go:34.16,36.3 1 1
github.com/k-jun/northpole/lib.go:40.74,42.16 2 1
github.com/k-jun/northpole/lib.go:45.2,45.22 1 1
github.com/k-jun/northpole/lib.go:42.16,44.3 1 1
github.com/k-jun/northpole/lib.go:48.64,50.16 2 1
github.com/k-jun/northpole/lib.go:53.2,53.23 1 1
github.com/k-jun/northpole/lib.go:50.16,52.3 1 1
